<?xml version="1.0" encoding="UTF-8"?>
<!-- Generated by org.testng.reporters.JUnitReportReporter -->
<testsuite hostname="DESKTOP-EKLHMIP" failures="0" tests="4" name="api.test.UserTests" time="10.618" errors="0" timestamp="2023-06-19T18:00:32 IST" skipped="0">
  <testcase classname="api.test.UserTests" name="testPostUser" time="5.188"/>
  <system-out/>
  <testcase classname="api.test.UserTests" name="testGetUserByName" time="1.424"/>
  <system-out/>
  <testcase classname="api.test.UserTests" name="testUpdateUserByName" time="2.689"/>
  <system-out/>
  <testcase classname="api.test.UserTests" name="testDeleteUserByName" time="1.317"/>
  <system-out/>
</testsuite> <!-- api.test.UserTests -->
