<?xml version="1.0" encoding="UTF-8"?>
<!-- Generated by org.testng.reporters.JUnitReportReporter -->
<testsuite hostname="DESKTOP-EKLHMIP" failures="0" tests="6" name="api.test.DDTests" time="12.721" errors="0" timestamp="2023-06-18T18:28:26 IST" skipped="0">
  <testcase classname="api.test.DDTests" name="testPostUser" time="6.922"/>
  <system-out/>
  <testcase classname="api.test.DDTests" name="testPostUser" time="1.215"/>
  <system-out/>
  <testcase classname="api.test.DDTests" name="testPostUser" time="1.185"/>
  <system-out/>
  <testcase classname="api.test.DDTests" name="testDeleteUser" time="1.148"/>
  <system-out/>
  <testcase classname="api.test.DDTests" name="testDeleteUser" time="1.105"/>
  <system-out/>
  <testcase classname="api.test.DDTests" name="testDeleteUser" time="1.146"/>
  <system-out/>
</testsuite> <!-- api.test.DDTests -->
