<?xml version="1.0" encoding="UTF-8"?>
<!-- Generated by org.testng.reporters.JUnitReportReporter -->
<testsuite hostname="DESKTOP-EKLHMIP" failures="0" tests="4" name="api.test.UserTests2" time="26.138" errors="0" timestamp="2023-06-20T19:30:44 IST" skipped="0">
  <testcase classname="api.test.UserTests2" name="testPostUser" time="19.380"/>
  <system-out/>
  <testcase classname="api.test.UserTests2" name="testGetUserByName" time="1.869"/>
  <system-out/>
  <testcase classname="api.test.UserTests2" name="testUpdateUserByName" time="3.313"/>
  <system-out/>
  <testcase classname="api.test.UserTests2" name="testDeleteUserByName" time="1.576"/>
  <system-out/>
</testsuite> <!-- api.test.UserTests2 -->
