<?xml version="1.0" encoding="UTF-8"?>
<!-- Generated by org.testng.reporters.JUnitReportReporter -->
<testsuite hostname="DESKTOP-EKLHMIP" failures="0" tests="4" name="api.test.UserTests2" time="14.222" errors="0" timestamp="2023-06-22T23:23:00 IST" skipped="0">
  <testcase classname="api.test.UserTests2" name="testPostUser" time="9.302"/>
  <system-out/>
  <testcase classname="api.test.UserTests2" name="testGetUserByName" time="1.537"/>
  <system-out/>
  <testcase classname="api.test.UserTests2" name="testUpdateUserByName" time="2.258"/>
  <system-out/>
  <testcase classname="api.test.UserTests2" name="testDeleteUserByName" time="1.125"/>
  <system-out/>
</testsuite> <!-- api.test.UserTests2 -->
