<?xml version="1.0" encoding="UTF-8"?>
<!-- Generated by org.testng.reporters.JUnitReportReporter -->
<testsuite hostname="DESKTOP-EKLHMIP" failures="0" tests="4" name="api.test.UserTests2" time="14.137" errors="0" timestamp="2023-06-21T20:27:38 IST" skipped="0">
  <testcase classname="api.test.UserTests2" name="testPostUser" time="8.600"/>
  <system-out/>
  <testcase classname="api.test.UserTests2" name="testGetUserByName" time="1.386"/>
  <system-out/>
  <testcase classname="api.test.UserTests2" name="testUpdateUserByName" time="2.716"/>
  <system-out/>
  <testcase classname="api.test.UserTests2" name="testDeleteUserByName" time="1.435"/>
  <system-out/>
</testsuite> <!-- api.test.UserTests2 -->
