<?xml version="1.0" encoding="UTF-8"?>
<!-- Generated by org.testng.reporters.JUnitReportReporter -->
<testsuite hostname="DESKTOP-EKLHMIP" failures="0" tests="4" name="api.test.UserTests2" time="12.417" errors="0" timestamp="2023-06-22T22:14:30 IST" skipped="0">
  <testcase classname="api.test.UserTests2" name="testPostUser" time="7.888"/>
  <system-out/>
  <testcase classname="api.test.UserTests2" name="testGetUserByName" time="1.158"/>
  <system-out/>
  <testcase classname="api.test.UserTests2" name="testUpdateUserByName" time="2.262"/>
  <system-out/>
  <testcase classname="api.test.UserTests2" name="testDeleteUserByName" time="1.109"/>
  <system-out/>
</testsuite> <!-- api.test.UserTests2 -->
